<?xml version="1.0" encoding="UTF-8"?>
<!-- Generated by org.testng.reporters.JUnitReportReporter -->
<testsuite skipped="1" hostname="EC2AMAZ-J5GP1U8" name="com.guru99.tests.LoginPageTests" tests="1" failures="0" timestamp="2021-04-02T12:34:52 UTC" time="0.000" errors="0">
  <testcase name="verifyLogin" time="0.000" classname="com.guru99.tests.LoginPageTests">
    <skipped/>
  </testcase> <!-- verifyLogin -->
  <system-out/>
</testsuite> <!-- com.guru99.tests.LoginPageTests -->
